Arguments: 
  /home/wagnersilva/.nvm/versions/node/v8.16.1/bin/node /usr/share/yarn/bin/yarn.js add -D eslint eslint-config-standard-with-typescript@11 eslint-plugin-import eslint-plugin-promise eslint-plugin-standard @typescript-eslint/esling-plugin

PATH: 
  /home/wagnersilva/.nvm/versions/node/v8.16.1/bin:/home/wagnersilva/.sdkman/candidates/gradle/current/bin:/home/wagnersilva/.npm-global/bin:/usr/local/sbin:/usr/local/bin:/usr/sbin:/usr/bin:/sbin:/bin:/usr/games:/usr/local/games:/snap/bin:/home/wagnersilva/Android/Sdk/tools:/home/wagnersilva/Android/Sdk/platform-tools:/home/wagnersilva/Android/Sdk/tools:/home/wagnersilva/Android/Sdk/platform-tools

Yarn version: 
  1.21.1

Node version: 
  8.16.1

Platform: 
  linux x64

Trace: 
  Error: https://registry.yarnpkg.com/@typescript-eslint%2fesling-plugin: Not found
      at Request.params.callback [as _callback] (/usr/share/yarn/lib/cli.js:66947:18)
      at Request.self.callback (/usr/share/yarn/lib/cli.js:140665:22)
      at emitTwo (events.js:126:13)
      at Request.emit (events.js:214:7)
      at Request.<anonymous> (/usr/share/yarn/lib/cli.js:141637:10)
      at emitOne (events.js:116:13)
      at Request.emit (events.js:211:7)
      at IncomingMessage.<anonymous> (/usr/share/yarn/lib/cli.js:141559:12)
      at Object.onceWrapper (events.js:313:30)
      at emitNone (events.js:111:20)

npm manifest: 
  {
    "name": "aula",
    "version": "1.0.0",
    "main": "index.js",
    "author": "wagner.silva <wagner.silva@softplan.com.br>",
    "license": "MIT",
    "devDependencies": {
      "@types/node": "^14.0.13",
      "git-commit-msg-linter": "^2.4.3",
      "typescript": "^3.9.5"
    }
  }

yarn manifest: 
  No manifest

Lockfile: 
  # THIS IS AN AUTOGENERATED FILE. DO NOT EDIT THIS FILE DIRECTLY.
  # yarn lockfile v1
  
  
  "@types/node@^14.0.13":
    version "14.0.13"
    resolved "https://artifactory.softplan.com.br/artifactory/api/npm/npm/@types/node/-/node-14.0.13.tgz#ee1128e881b874c371374c1f72201893616417c9"
    integrity sha1-7hEo6IG4dMNxN0wfciAYk2FkF8k=
  
  ansi-styles@^3.2.1:
    version "3.2.1"
    resolved "https://artifactory.softplan.com.br/artifactory/api/npm/npm/ansi-styles/-/ansi-styles-3.2.1.tgz#41fbb20243e50b12be0f04b8dedbf07520ce841d"
    integrity sha1-QfuyAkPlCxK+DwS43tvwdSDOhB0=
    dependencies:
      color-convert "^1.9.0"
  
  chalk@^2.4.2:
    version "2.4.2"
    resolved "https://artifactory.softplan.com.br/artifactory/api/npm/npm/chalk/-/chalk-2.4.2.tgz#cd42541677a54333cf541a49108c1432b44c9424"
    integrity sha1-zUJUFnelQzPPVBpJEIwUMrRMlCQ=
    dependencies:
      ansi-styles "^3.2.1"
      escape-string-regexp "^1.0.5"
      supports-color "^5.3.0"
  
  color-convert@^1.9.0:
    version "1.9.3"
    resolved "https://artifactory.softplan.com.br/artifactory/api/npm/npm/color-convert/-/color-convert-1.9.3.tgz#bb71850690e1f136567de629d2d5471deda4c1e8"
    integrity sha1-u3GFBpDh8TZWfeYp0tVHHe2kweg=
    dependencies:
      color-name "1.1.3"
  
  color-name@1.1.3:
    version "1.1.3"
    resolved "https://artifactory.softplan.com.br/artifactory/api/npm/npm/color-name/-/color-name-1.1.3.tgz#a7d0558bd89c42f795dd42328f740831ca53bc25"
    integrity sha1-p9BVi9icQveV3UIyj3QIMcpTvCU=
  
  escape-string-regexp@^1.0.5:
    version "1.0.5"
    resolved "https://artifactory.softplan.com.br/artifactory/api/npm/npm/escape-string-regexp/-/escape-string-regexp-1.0.5.tgz#1b61c0562190a8dff6ae3bb2cf0200ca130b86d4"
    integrity sha1-G2HAViGQqN/2rjuyzwIAyhMLhtQ=
  
  git-commit-msg-linter@^2.4.3:
    version "2.4.3"
    resolved "https://artifactory.softplan.com.br/artifactory/api/npm/npm/git-commit-msg-linter/-/git-commit-msg-linter-2.4.3.tgz#ecb3a07415212d771ba2ebaa0f078410ef48b00a"
    integrity sha1-7LOgdBUhLXcbouuqDweEEO9IsAo=
    dependencies:
      chalk "^2.4.2"
  
  has-flag@^3.0.0:
    version "3.0.0"
    resolved "https://artifactory.softplan.com.br/artifactory/api/npm/npm/has-flag/-/has-flag-3.0.0.tgz#b5d454dc2199ae225699f3467e5a07f3b955bafd"
    integrity sha1-tdRU3CGZriJWmfNGfloH87lVuv0=
  
  supports-color@^5.3.0:
    version "5.5.0"
    resolved "https://artifactory.softplan.com.br/artifactory/api/npm/npm/supports-color/-/supports-color-5.5.0.tgz#e2e69a44ac8772f78a1ec0b35b689df6530efc8f"
    integrity sha1-4uaaRKyHcveKHsCzW2id9lMO/I8=
    dependencies:
      has-flag "^3.0.0"
  
  typescript@^3.9.5:
    version "3.9.5"
    resolved "https://artifactory.softplan.com.br/artifactory/api/npm/npm/typescript/-/typescript-3.9.5.tgz#586f0dba300cde8be52dd1ac4f7e1009c1b13f36"
    integrity sha1-WG8NujAM3ovlLdGsT34QCcGxPzY=
